c:\users\rushe\documents\github\zenith\zenith\loader\x64\release\vc143.pdb
c:\users\rushe\documents\github\zenith\zenith\loader\x64\release\imgui_widgets.obj
c:\users\rushe\documents\github\zenith\zenith\loader\x64\release\imgui_tables.obj
c:\users\rushe\documents\github\zenith\zenith\loader\x64\release\imgui_impl_win32.obj
c:\users\rushe\documents\github\zenith\zenith\loader\x64\release\imgui_impl_dx11.obj
c:\users\rushe\documents\github\zenith\zenith\loader\x64\release\imgui_draw.obj
c:\users\rushe\documents\github\zenith\zenith\loader\x64\release\imgui_demo.obj
c:\users\rushe\documents\github\zenith\zenith\loader\x64\release\imgui.obj
c:\users\rushe\documents\github\zenith\zenith\loader\x64\release\glm.obj
c:\users\rushe\documents\github\zenith\zenith\loader\x64\release\memory.obj
c:\users\rushe\documents\github\zenith\zenith\loader\x64\release\hwid.obj
c:\users\rushe\documents\github\zenith\zenith\loader\x64\release\imgui_freetype.obj
c:\users\rushe\documents\github\zenith\zenith\loader\x64\release\windowmanager.obj
c:\users\rushe\documents\github\zenith\zenith\loader\x64\release\classmanager.obj
c:\users\rushe\documents\github\zenith\zenith\loader\x64\release\main.obj
c:\users\rushe\documents\github\zenith\zenith\loader\x64\release\globals.obj
c:\users\rushe\documents\github\zenith\zenith\loader\x64\release\animengine.obj
c:\users\rushe\documents\github\zenith\zenith\loader\x64\release\customwidgets.obj
c:\users\rushe\documents\github\zenith\zenith\loader\x64\release\loader.tlog\cl.command.1.tlog
c:\users\rushe\documents\github\zenith\zenith\loader\x64\release\loader.tlog\cl.read.1.tlog
c:\users\rushe\documents\github\zenith\zenith\loader\x64\release\loader.tlog\cl.write.1.tlog
c:\users\rushe\documents\github\zenith\zenith\loader\x64\release\loader.tlog\link.command.1.tlog
c:\users\rushe\documents\github\zenith\zenith\loader\x64\release\loader.tlog\link.read.1.tlog
c:\users\rushe\documents\github\zenith\zenith\loader\x64\release\loader.tlog\link.write.1.tlog
