  AnimEngine.cpp
  CustomWidgets.cpp
  ClassManager.cpp
  HWID.cpp
  WindowManager.cpp
  Globals.cpp
  glm.cpp
  imgui.cpp
  imgui_demo.cpp
  imgui_draw.cpp
  imgui_impl_dx11.cpp
  imgui_impl_win32.cpp
  imgui_tables.cpp
  imgui_widgets.cpp
  imgui_freetype.cpp
  main.cpp
  Generating code
  Previous IPDB was built with incompatible compiler, fall back to full compilation.
  All 2361 functions were compiled because no usable IPDB/IOBJ from previous compilation was found.
  Finished generating code
  Loader.vcxproj -> C:\Users\rushe\Documents\GitHub\ZENITH\ZENITH\x64\Release\Loader.exe
  'pwsh.exe' is not recognized as an internal or external command,
  operable program or batch file.
